[1.098s] Invoking command in '/home/lab/pool/src/pool_game': PYTHONPATH=/home/lab/pool/build/pool_game/prefix_override:/home/lab/pool/install/pool_game/lib/python3.10/site-packages:${PYTHONPATH} /usr/bin/python3 setup.py egg_info --egg-base ../../build/pool_game build --build-base /home/lab/pool/build/pool_game/build install --record /home/lab/pool/build/pool_game/install.log --single-version-externally-managed
[1.288s] running egg_info
[1.289s] writing ../../build/pool_game/pool_game.egg-info/PKG-INFO
[1.289s] writing dependency_links to ../../build/pool_game/pool_game.egg-info/dependency_links.txt
[1.289s] writing entry points to ../../build/pool_game/pool_game.egg-info/entry_points.txt
[1.289s] writing requirements to ../../build/pool_game/pool_game.egg-info/requires.txt
[1.290s] writing top-level names to ../../build/pool_game/pool_game.egg-info/top_level.txt
[1.291s] reading manifest file '../../build/pool_game/pool_game.egg-info/SOURCES.txt'
[1.291s] writing manifest file '../../build/pool_game/pool_game.egg-info/SOURCES.txt'
[1.292s] running build
[1.292s] running build_py
[1.292s] copying pool_game/move.py -> /home/lab/pool/build/pool_game/build/lib/pool_game
[1.292s] running install
[1.292s] /usr/lib/python3/dist-packages/setuptools/command/install.py:34: SetuptoolsDeprecationWarning: setup.py install is deprecated. Use build and pip and other standards-based tools.
[1.292s]   warnings.warn(
[1.292s] running install_lib
[1.293s] copying /home/lab/pool/build/pool_game/build/lib/pool_game/move.py -> /home/lab/pool/install/pool_game/lib/python3.10/site-packages/pool_game
[1.293s] byte-compiling /home/lab/pool/install/pool_game/lib/python3.10/site-packages/pool_game/move.py to move.cpython-310.pyc
[1.294s] running install_data
[1.295s] running install_egg_info
[1.296s] removing '/home/lab/pool/install/pool_game/lib/python3.10/site-packages/pool_game-0.0.0-py3.10.egg-info' (and everything under it)
[1.296s] Copying ../../build/pool_game/pool_game.egg-info to /home/lab/pool/install/pool_game/lib/python3.10/site-packages/pool_game-0.0.0-py3.10.egg-info
[1.297s] running install_scripts
[1.312s] Installing move script to /home/lab/pool/install/pool_game/lib/pool_game
[1.312s] writing list of installed files to '/home/lab/pool/build/pool_game/install.log'
[1.327s] Invoked command in '/home/lab/pool/src/pool_game' returned '0': PYTHONPATH=/home/lab/pool/build/pool_game/prefix_override:/home/lab/pool/install/pool_game/lib/python3.10/site-packages:${PYTHONPATH} /usr/bin/python3 setup.py egg_info --egg-base ../../build/pool_game build --build-base /home/lab/pool/build/pool_game/build install --record /home/lab/pool/build/pool_game/install.log --single-version-externally-managed
