[0.568s] Invoking command in '/home/lab/pool/src/pool_game': PYTHONPATH=/home/lab/pool/build/pool_game/prefix_override:/home/lab/pool/install/pool_game/lib/python3.10/site-packages:${PYTHONPATH} /usr/bin/python3 setup.py egg_info --egg-base ../../build/pool_game build --build-base /home/lab/pool/build/pool_game/build install --record /home/lab/pool/build/pool_game/install.log --single-version-externally-managed
[0.758s] running egg_info
[0.758s] creating ../../build/pool_game/pool_game.egg-info
[0.758s] writing ../../build/pool_game/pool_game.egg-info/PKG-INFO
[0.759s] writing dependency_links to ../../build/pool_game/pool_game.egg-info/dependency_links.txt
[0.759s] writing entry points to ../../build/pool_game/pool_game.egg-info/entry_points.txt
[0.759s] writing requirements to ../../build/pool_game/pool_game.egg-info/requires.txt
[0.759s] writing top-level names to ../../build/pool_game/pool_game.egg-info/top_level.txt
[0.759s] writing manifest file '../../build/pool_game/pool_game.egg-info/SOURCES.txt'
[0.760s] reading manifest file '../../build/pool_game/pool_game.egg-info/SOURCES.txt'
[0.761s] writing manifest file '../../build/pool_game/pool_game.egg-info/SOURCES.txt'
[0.761s] running build
[0.761s] running build_py
[0.761s] creating /home/lab/pool/build/pool_game/build
[0.761s] creating /home/lab/pool/build/pool_game/build/lib
[0.761s] creating /home/lab/pool/build/pool_game/build/lib/pool_game
[0.761s] copying pool_game/__init__.py -> /home/lab/pool/build/pool_game/build/lib/pool_game
[0.761s] copying pool_game/move.py -> /home/lab/pool/build/pool_game/build/lib/pool_game
[0.761s] running install
[0.762s] /usr/lib/python3/dist-packages/setuptools/command/install.py:34: SetuptoolsDeprecationWarning: setup.py install is deprecated. Use build and pip and other standards-based tools.
[0.762s]   warnings.warn(
[0.762s] running install_lib
[0.762s] creating /home/lab/pool/install/pool_game/lib/python3.10/site-packages/pool_game
[0.762s] copying /home/lab/pool/build/pool_game/build/lib/pool_game/__init__.py -> /home/lab/pool/install/pool_game/lib/python3.10/site-packages/pool_game
[0.762s] copying /home/lab/pool/build/pool_game/build/lib/pool_game/move.py -> /home/lab/pool/install/pool_game/lib/python3.10/site-packages/pool_game
[0.763s] byte-compiling /home/lab/pool/install/pool_game/lib/python3.10/site-packages/pool_game/__init__.py to __init__.cpython-310.pyc
[0.763s] byte-compiling /home/lab/pool/install/pool_game/lib/python3.10/site-packages/pool_game/move.py to move.cpython-310.pyc
[0.764s] running install_data
[0.765s] creating /home/lab/pool/install/pool_game/share/ament_index
[0.765s] creating /home/lab/pool/install/pool_game/share/ament_index/resource_index
[0.765s] creating /home/lab/pool/install/pool_game/share/ament_index/resource_index/packages
[0.765s] copying resource/pool_game -> /home/lab/pool/install/pool_game/share/ament_index/resource_index/packages
[0.765s] copying package.xml -> /home/lab/pool/install/pool_game/share/pool_game
[0.765s] running install_egg_info
[0.766s] Copying ../../build/pool_game/pool_game.egg-info to /home/lab/pool/install/pool_game/lib/python3.10/site-packages/pool_game-0.0.0-py3.10.egg-info
[0.767s] running install_scripts
[0.782s] Installing move script to /home/lab/pool/install/pool_game/lib/pool_game
[0.782s] writing list of installed files to '/home/lab/pool/build/pool_game/install.log'
[0.797s] Invoked command in '/home/lab/pool/src/pool_game' returned '0': PYTHONPATH=/home/lab/pool/build/pool_game/prefix_override:/home/lab/pool/install/pool_game/lib/python3.10/site-packages:${PYTHONPATH} /usr/bin/python3 setup.py egg_info --egg-base ../../build/pool_game build --build-base /home/lab/pool/build/pool_game/build install --record /home/lab/pool/build/pool_game/install.log --single-version-externally-managed
