[0.892s] DEBUG:colcon:Command line arguments: ['/usr/bin/colcon', 'build', '--symlink-install']
[0.892s] DEBUG:colcon:Parsed command line arguments: Namespace(log_base=None, log_level=None, verb_name='build', build_base='build', install_base='install', merge_install=False, symlink_install=True, test_result_base=None, continue_on_error=False, executor='parallel', parallel_workers=12, event_handlers=None, ignore_user_meta=False, metas=['./colcon.meta'], base_paths=['.'], packages_ignore=None, packages_ignore_regex=None, paths=None, packages_up_to=None, packages_up_to_regex=None, packages_above=None, packages_above_and_dependencies=None, packages_above_depth=None, packages_select_by_dep=None, packages_skip_by_dep=None, packages_skip_up_to=None, packages_select_build_failed=False, packages_skip_build_finished=False, packages_select_test_failures=False, packages_skip_test_passed=False, packages_select=None, packages_skip=None, packages_select_regex=None, packages_skip_regex=None, packages_start=None, packages_end=None, allow_overriding=[], cmake_args=None, cmake_target=None, cmake_target_skip_unavailable=False, cmake_clean_cache=False, cmake_clean_first=False, cmake_force_configure=False, ament_cmake_args=None, catkin_cmake_args=None, catkin_skip_building_tests=False, verb_parser=<colcon_defaults.argument_parser.defaults.DefaultArgumentsDecorator object at 0x787103681f30>, verb_extension=<colcon_core.verb.build.BuildVerb object at 0x787103682ec0>, main=<bound method BuildVerb.main of <colcon_core.verb.build.BuildVerb object at 0x787103682ec0>>)
[0.932s] Level 1:colcon.colcon_core.package_discovery:discover_packages(colcon_meta) check parameters
[0.933s] Level 1:colcon.colcon_core.package_discovery:discover_packages(recursive) check parameters
[0.933s] Level 1:colcon.colcon_core.package_discovery:discover_packages(ignore) check parameters
[0.933s] Level 1:colcon.colcon_core.package_discovery:discover_packages(path) check parameters
[0.933s] Level 1:colcon.colcon_core.package_discovery:discover_packages(colcon_meta) discover
[0.933s] Level 1:colcon.colcon_core.package_discovery:discover_packages(recursive) discover
[0.933s] INFO:colcon.colcon_core.package_discovery:Crawling recursively for packages in '/home/lab/pool'
[0.933s] Level 1:colcon.colcon_core.package_identification:_identify(.) by extensions ['ignore', 'ignore_ament_install']
[0.933s] Level 1:colcon.colcon_core.package_identification:_identify(.) by extension 'ignore'
[0.933s] Level 1:colcon.colcon_core.package_identification:_identify(.) by extension 'ignore_ament_install'
[0.933s] Level 1:colcon.colcon_core.package_identification:_identify(.) by extensions ['colcon_pkg']
[0.933s] Level 1:colcon.colcon_core.package_identification:_identify(.) by extension 'colcon_pkg'
[0.933s] Level 1:colcon.colcon_core.package_identification:_identify(.) by extensions ['colcon_meta']
[0.933s] Level 1:colcon.colcon_core.package_identification:_identify(.) by extension 'colcon_meta'
[0.933s] Level 1:colcon.colcon_core.package_identification:_identify(.) by extensions ['ros']
[0.933s] Level 1:colcon.colcon_core.package_identification:_identify(.) by extension 'ros'
[0.942s] Level 1:colcon.colcon_core.package_identification:_identify(.) by extensions ['cmake', 'python']
[0.942s] Level 1:colcon.colcon_core.package_identification:_identify(.) by extension 'cmake'
[0.942s] Level 1:colcon.colcon_core.package_identification:_identify(.) by extension 'python'
[0.942s] Level 1:colcon.colcon_core.package_identification:_identify(.) by extensions ['python_setup_py']
[0.942s] Level 1:colcon.colcon_core.package_identification:_identify(.) by extension 'python_setup_py'
[0.942s] Level 1:colcon.colcon_core.package_identification:_identify(build) by extensions ['ignore', 'ignore_ament_install']
[0.942s] Level 1:colcon.colcon_core.package_identification:_identify(build) by extension 'ignore'
[0.942s] Level 1:colcon.colcon_core.package_identification:_identify(build) ignored
[0.942s] Level 1:colcon.colcon_core.package_identification:_identify(install) by extensions ['ignore', 'ignore_ament_install']
[0.942s] Level 1:colcon.colcon_core.package_identification:_identify(install) by extension 'ignore'
[0.942s] Level 1:colcon.colcon_core.package_identification:_identify(install) ignored
[0.942s] Level 1:colcon.colcon_core.package_identification:_identify(log) by extensions ['ignore', 'ignore_ament_install']
[0.943s] Level 1:colcon.colcon_core.package_identification:_identify(log) by extension 'ignore'
[0.943s] Level 1:colcon.colcon_core.package_identification:_identify(log) ignored
[0.943s] Level 1:colcon.colcon_core.package_identification:_identify(src) by extensions ['ignore', 'ignore_ament_install']
[0.943s] Level 1:colcon.colcon_core.package_identification:_identify(src) by extension 'ignore'
[0.943s] Level 1:colcon.colcon_core.package_identification:_identify(src) by extension 'ignore_ament_install'
[0.943s] Level 1:colcon.colcon_core.package_identification:_identify(src) by extensions ['colcon_pkg']
[0.943s] Level 1:colcon.colcon_core.package_identification:_identify(src) by extension 'colcon_pkg'
[0.943s] Level 1:colcon.colcon_core.package_identification:_identify(src) by extensions ['colcon_meta']
[0.943s] Level 1:colcon.colcon_core.package_identification:_identify(src) by extension 'colcon_meta'
[0.943s] Level 1:colcon.colcon_core.package_identification:_identify(src) by extensions ['ros']
[0.943s] Level 1:colcon.colcon_core.package_identification:_identify(src) by extension 'ros'
[0.943s] Level 1:colcon.colcon_core.package_identification:_identify(src) by extensions ['cmake', 'python']
[0.943s] Level 1:colcon.colcon_core.package_identification:_identify(src) by extension 'cmake'
[0.943s] Level 1:colcon.colcon_core.package_identification:_identify(src) by extension 'python'
[0.943s] Level 1:colcon.colcon_core.package_identification:_identify(src) by extensions ['python_setup_py']
[0.943s] Level 1:colcon.colcon_core.package_identification:_identify(src) by extension 'python_setup_py'
[0.943s] Level 1:colcon.colcon_core.package_identification:_identify(src/pool_game) by extensions ['ignore', 'ignore_ament_install']
[0.943s] Level 1:colcon.colcon_core.package_identification:_identify(src/pool_game) by extension 'ignore'
[0.943s] Level 1:colcon.colcon_core.package_identification:_identify(src/pool_game) by extension 'ignore_ament_install'
[0.943s] Level 1:colcon.colcon_core.package_identification:_identify(src/pool_game) by extensions ['colcon_pkg']
[0.944s] Level 1:colcon.colcon_core.package_identification:_identify(src/pool_game) by extension 'colcon_pkg'
[0.944s] Level 1:colcon.colcon_core.package_identification:_identify(src/pool_game) by extensions ['colcon_meta']
[0.944s] Level 1:colcon.colcon_core.package_identification:_identify(src/pool_game) by extension 'colcon_meta'
[0.944s] Level 1:colcon.colcon_core.package_identification:_identify(src/pool_game) by extensions ['ros']
[0.944s] Level 1:colcon.colcon_core.package_identification:_identify(src/pool_game) by extension 'ros'
[0.945s] DEBUG:colcon.colcon_core.package_identification:Package 'src/pool_game' with type 'ros.ament_python' and name 'pool_game'
[0.945s] Level 1:colcon.colcon_core.package_discovery:discover_packages(recursive) using defaults
[0.945s] Level 1:colcon.colcon_core.package_discovery:discover_packages(ignore) discover
[0.946s] Level 1:colcon.colcon_core.package_discovery:discover_packages(ignore) using defaults
[0.946s] Level 1:colcon.colcon_core.package_discovery:discover_packages(path) discover
[0.946s] Level 1:colcon.colcon_core.package_discovery:discover_packages(path) using defaults
[1.028s] Level 1:colcon.colcon_core.package_discovery:discover_packages(prefix_path) check parameters
[1.028s] Level 1:colcon.colcon_core.package_discovery:discover_packages(prefix_path) discover
[1.055s] DEBUG:colcon.colcon_installed_package_information.package_discovery:Found 1 installed packages in /home/lab/pool/install
[1.069s] DEBUG:colcon.colcon_installed_package_information.package_discovery:Found 280 installed packages in /opt/ros/humble
[1.070s] Level 1:colcon.colcon_core.package_discovery:discover_packages(prefix_path) using defaults
[1.155s] Level 5:colcon.colcon_core.verb:set package 'pool_game' build argument 'cmake_args' from command line to 'None'
[1.155s] Level 5:colcon.colcon_core.verb:set package 'pool_game' build argument 'cmake_target' from command line to 'None'
[1.155s] Level 5:colcon.colcon_core.verb:set package 'pool_game' build argument 'cmake_target_skip_unavailable' from command line to 'False'
[1.155s] Level 5:colcon.colcon_core.verb:set package 'pool_game' build argument 'cmake_clean_cache' from command line to 'False'
[1.155s] Level 5:colcon.colcon_core.verb:set package 'pool_game' build argument 'cmake_clean_first' from command line to 'False'
[1.155s] Level 5:colcon.colcon_core.verb:set package 'pool_game' build argument 'cmake_force_configure' from command line to 'False'
[1.155s] Level 5:colcon.colcon_core.verb:set package 'pool_game' build argument 'ament_cmake_args' from command line to 'None'
[1.155s] Level 5:colcon.colcon_core.verb:set package 'pool_game' build argument 'catkin_cmake_args' from command line to 'None'
[1.155s] Level 5:colcon.colcon_core.verb:set package 'pool_game' build argument 'catkin_skip_building_tests' from command line to 'False'
[1.155s] DEBUG:colcon.colcon_core.verb:Building package 'pool_game' with the following arguments: {'ament_cmake_args': None, 'build_base': '/home/lab/pool/build/pool_game', 'catkin_cmake_args': None, 'catkin_skip_building_tests': False, 'cmake_args': None, 'cmake_clean_cache': False, 'cmake_clean_first': False, 'cmake_force_configure': False, 'cmake_target': None, 'cmake_target_skip_unavailable': False, 'install_base': '/home/lab/pool/install/pool_game', 'merge_install': False, 'path': '/home/lab/pool/src/pool_game', 'symlink_install': True, 'test_result_base': None}
[1.168s] INFO:colcon.colcon_core.executor:Executing jobs using 'parallel' executor
[1.183s] DEBUG:colcon.colcon_parallel_executor.executor.parallel:run_until_complete
[1.183s] INFO:colcon.colcon_ros.task.ament_python.build:Building ROS package in '/home/lab/pool/src/pool_game' with build type 'ament_python'
[1.183s] Level 1:colcon.colcon_core.shell:create_environment_hook('pool_game', 'ament_prefix_path')
[1.199s] INFO:colcon.colcon_core.plugin_system:Skipping extension 'colcon_core.shell.bat': Not used on non-Windows systems
[1.199s] INFO:colcon.colcon_core.shell:Creating environment hook '/home/lab/pool/install/pool_game/share/pool_game/hook/ament_prefix_path.ps1'
[1.200s] INFO:colcon.colcon_core.shell:Creating environment descriptor '/home/lab/pool/install/pool_game/share/pool_game/hook/ament_prefix_path.dsv'
[1.200s] INFO:colcon.colcon_core.shell:Creating environment hook '/home/lab/pool/install/pool_game/share/pool_game/hook/ament_prefix_path.sh'
[1.214s] INFO:colcon.colcon_core.shell:Skip shell extension 'powershell' for command environment: Not usable outside of PowerShell
[1.214s] DEBUG:colcon.colcon_core.shell:Skip shell extension 'dsv' for command environment
[1.461s] INFO:colcon.colcon_core.task.python.build:Building Python package in '/home/lab/pool/src/pool_game'
[1.475s] INFO:colcon.colcon_core.shell:Skip shell extension 'powershell' for command environment: Not usable outside of PowerShell
[1.475s] DEBUG:colcon.colcon_core.shell:Skip shell extension 'dsv' for command environment
[1.778s] DEBUG:colcon.colcon_core.task.python.build:While undoing a previous installation files outside the Python library path are being ignored: /home/lab/pool/install/pool_game/share/ament_index/resource_index/packages/pool_game
[1.778s] DEBUG:colcon.colcon_core.task.python.build:While undoing a previous installation files outside the Python library path are being ignored: /home/lab/pool/install/pool_game/share/pool_game/package.xml
[1.779s] DEBUG:colcon.colcon_core.task.python.build:While undoing a previous installation files outside the Python library path are being ignored: /home/lab/pool/install/pool_game/lib/pool_game/move
[1.780s] DEBUG:colcon.colcon_core.event_handler.log_command:Invoking command in '/home/lab/pool/build/pool_game': PYTHONPATH=/home/lab/pool/build/pool_game/prefix_override:/home/lab/pool/install/pool_game/lib/python3.10/site-packages:${PYTHONPATH} /usr/bin/python3 setup.py develop --editable --build-directory /home/lab/pool/build/pool_game/build --no-deps install_data
[2.147s] Level 1:colcon.colcon_core.shell:create_environment_hook('pool_game', 'pythonpath_develop')
[2.148s] DEBUG:colcon.colcon_core.event_handler.log_command:Invoked command in '/home/lab/pool/build/pool_game' returned '0': PYTHONPATH=/home/lab/pool/build/pool_game/prefix_override:/home/lab/pool/install/pool_game/lib/python3.10/site-packages:${PYTHONPATH} /usr/bin/python3 setup.py develop --editable --build-directory /home/lab/pool/build/pool_game/build --no-deps install_data
[2.162s] INFO:colcon.colcon_core.shell:Creating environment hook '/home/lab/pool/build/pool_game/share/pool_game/hook/pythonpath_develop.ps1'
[2.162s] INFO:colcon.colcon_core.shell:Creating environment descriptor '/home/lab/pool/build/pool_game/share/pool_game/hook/pythonpath_develop.dsv'
[2.162s] INFO:colcon.colcon_core.shell:Creating environment hook '/home/lab/pool/build/pool_game/share/pool_game/hook/pythonpath_develop.sh'
[2.178s] Level 1:colcon.colcon_core.environment:checking '/home/lab/pool/install/pool_game' for CMake module files
[2.178s] Level 1:colcon.colcon_core.environment:checking '/home/lab/pool/install/pool_game' for CMake config files
[2.178s] Level 1:colcon.colcon_core.environment:checking '/home/lab/pool/install/pool_game/lib'
[2.178s] Level 1:colcon.colcon_core.environment:checking '/home/lab/pool/install/pool_game/bin'
[2.179s] Level 1:colcon.colcon_core.environment:checking '/home/lab/pool/install/pool_game/lib/pkgconfig/pool_game.pc'
[2.179s] Level 1:colcon.colcon_core.environment:checking '/home/lab/pool/install/pool_game/lib/python3.10/site-packages'
[2.179s] Level 1:colcon.colcon_core.shell:create_environment_hook('pool_game', 'pythonpath')
[2.194s] INFO:colcon.colcon_core.shell:Creating environment hook '/home/lab/pool/install/pool_game/share/pool_game/hook/pythonpath.ps1'
[2.195s] INFO:colcon.colcon_core.shell:Creating environment descriptor '/home/lab/pool/install/pool_game/share/pool_game/hook/pythonpath.dsv'
[2.195s] INFO:colcon.colcon_core.shell:Creating environment hook '/home/lab/pool/install/pool_game/share/pool_game/hook/pythonpath.sh'
[2.195s] Level 1:colcon.colcon_core.environment:checking '/home/lab/pool/install/pool_game/bin'
[2.195s] Level 1:colcon.colcon_core.environment:create_environment_scripts_only(pool_game)
[2.209s] INFO:colcon.colcon_core.shell:Creating package script '/home/lab/pool/install/pool_game/share/pool_game/package.ps1'
[2.209s] INFO:colcon.colcon_core.shell:Creating package descriptor '/home/lab/pool/install/pool_game/share/pool_game/package.dsv'
[2.210s] INFO:colcon.colcon_core.shell:Creating package script '/home/lab/pool/install/pool_game/share/pool_game/package.sh'
[2.210s] INFO:colcon.colcon_core.shell:Creating package script '/home/lab/pool/install/pool_game/share/pool_game/package.bash'
[2.211s] INFO:colcon.colcon_core.shell:Creating package script '/home/lab/pool/install/pool_game/share/pool_game/package.zsh'
[2.211s] Level 1:colcon.colcon_core.environment:create_file_with_runtime_dependencies(/home/lab/pool/install/pool_game/share/colcon-core/packages/pool_game)
[2.212s] DEBUG:colcon.colcon_parallel_executor.executor.parallel:closing loop
[2.212s] DEBUG:colcon.colcon_parallel_executor.executor.parallel:loop closed
[2.212s] DEBUG:colcon.colcon_parallel_executor.executor.parallel:run_until_complete finished with '0'
[2.212s] DEBUG:colcon.colcon_core.event_reactor:joining thread
[2.229s] INFO:colcon.colcon_core.plugin_system:Skipping extension 'colcon_notification.desktop_notification.terminal_notifier': Not used on non-Darwin systems
[2.229s] INFO:colcon.colcon_core.plugin_system:Skipping extension 'colcon_notification.desktop_notification.win32': Not used on non-Windows systems
[2.229s] INFO:colcon.colcon_notification.desktop_notification:Sending desktop notification using 'notify2'
[2.238s] DEBUG:colcon.colcon_core.event_reactor:joined thread
[2.252s] INFO:colcon.colcon_core.shell:Creating prefix script '/home/lab/pool/install/local_setup.ps1'
[2.253s] INFO:colcon.colcon_core.shell:Creating prefix util module '/home/lab/pool/install/_local_setup_util_ps1.py'
[2.254s] INFO:colcon.colcon_core.shell:Creating prefix chain script '/home/lab/pool/install/setup.ps1'
[2.268s] INFO:colcon.colcon_core.shell:Creating prefix script '/home/lab/pool/install/local_setup.sh'
[2.269s] INFO:colcon.colcon_core.shell:Creating prefix util module '/home/lab/pool/install/_local_setup_util_sh.py'
[2.269s] INFO:colcon.colcon_core.shell:Creating prefix chain script '/home/lab/pool/install/setup.sh'
[2.283s] INFO:colcon.colcon_core.shell:Creating prefix script '/home/lab/pool/install/local_setup.bash'
[2.284s] INFO:colcon.colcon_core.shell:Creating prefix chain script '/home/lab/pool/install/setup.bash'
[2.298s] INFO:colcon.colcon_core.shell:Creating prefix script '/home/lab/pool/install/local_setup.zsh'
[2.298s] INFO:colcon.colcon_core.shell:Creating prefix chain script '/home/lab/pool/install/setup.zsh'
