[1.016s] DEBUG:colcon:Command line arguments: ['/usr/bin/colcon', 'list', '-p', '--base-paths', '/home/lab/pool']
[1.016s] DEBUG:colcon:Parsed command line arguments: Namespace(log_base=None, log_level=None, verb_name='list', build_base='build', ignore_user_meta=False, metas=['./colcon.meta'], base_paths=['/home/lab/pool'], packages_ignore=None, packages_ignore_regex=None, paths=None, packages_up_to=None, packages_up_to_regex=None, packages_above=None, packages_above_and_dependencies=None, packages_above_depth=None, packages_select_by_dep=None, packages_skip_by_dep=None, packages_skip_up_to=None, packages_select_build_failed=False, packages_skip_build_finished=False, packages_select_test_failures=False, packages_skip_test_passed=False, packages_select=None, packages_skip=None, packages_select_regex=None, packages_skip_regex=None, packages_start=None, packages_end=None, allow_overriding=[], topological_order=False, names_only=False, paths_only=True, topological_graph=False, topological_graph_dot=False, topological_graph_density=False, topological_graph_legend=False, topological_graph_dot_cluster=False, topological_graph_dot_include_skipped=False, verb_parser=<colcon_defaults.argument_parser.defaults.DefaultArgumentsDecorator object at 0x73afbb74e530>, verb_extension=<colcon_package_information.verb.list.ListVerb object at 0x73afbb74fa30>, main=<bound method ListVerb.main of <colcon_package_information.verb.list.ListVerb object at 0x73afbb74fa30>>)
[1.087s] Level 1:colcon.colcon_core.package_discovery:discover_packages(colcon_meta) check parameters
[1.087s] Level 1:colcon.colcon_core.package_discovery:discover_packages(recursive) check parameters
[1.087s] Level 1:colcon.colcon_core.package_discovery:discover_packages(ignore) check parameters
[1.087s] Level 1:colcon.colcon_core.package_discovery:discover_packages(path) check parameters
[1.087s] Level 1:colcon.colcon_core.package_discovery:discover_packages(recursive) discover
[1.087s] INFO:colcon.colcon_core.package_discovery:Crawling recursively for packages in '/home/lab/pool'
[1.088s] Level 1:colcon.colcon_core.package_identification:_identify(/home/lab/pool) by extensions ['ignore', 'ignore_ament_install']
[1.088s] Level 1:colcon.colcon_core.package_identification:_identify(/home/lab/pool) by extension 'ignore'
[1.088s] Level 1:colcon.colcon_core.package_identification:_identify(/home/lab/pool) by extension 'ignore_ament_install'
[1.088s] Level 1:colcon.colcon_core.package_identification:_identify(/home/lab/pool) by extensions ['colcon_pkg']
[1.088s] Level 1:colcon.colcon_core.package_identification:_identify(/home/lab/pool) by extension 'colcon_pkg'
[1.088s] Level 1:colcon.colcon_core.package_identification:_identify(/home/lab/pool) by extensions ['colcon_meta']
[1.088s] Level 1:colcon.colcon_core.package_identification:_identify(/home/lab/pool) by extension 'colcon_meta'
[1.088s] Level 1:colcon.colcon_core.package_identification:_identify(/home/lab/pool) by extensions ['ros']
[1.088s] Level 1:colcon.colcon_core.package_identification:_identify(/home/lab/pool) by extension 'ros'
[1.104s] Level 1:colcon.colcon_core.package_identification:_identify(/home/lab/pool) by extensions ['cmake', 'python']
[1.104s] Level 1:colcon.colcon_core.package_identification:_identify(/home/lab/pool) by extension 'cmake'
[1.104s] Level 1:colcon.colcon_core.package_identification:_identify(/home/lab/pool) by extension 'python'
[1.104s] Level 1:colcon.colcon_core.package_identification:_identify(/home/lab/pool) by extensions ['python_setup_py']
[1.104s] Level 1:colcon.colcon_core.package_identification:_identify(/home/lab/pool) by extension 'python_setup_py'
[1.104s] Level 1:colcon.colcon_core.package_identification:_identify(/home/lab/pool/build) by extensions ['ignore', 'ignore_ament_install']
[1.104s] Level 1:colcon.colcon_core.package_identification:_identify(/home/lab/pool/build) by extension 'ignore'
[1.104s] Level 1:colcon.colcon_core.package_identification:_identify(/home/lab/pool/build) ignored
[1.105s] Level 1:colcon.colcon_core.package_identification:_identify(/home/lab/pool/install) by extensions ['ignore', 'ignore_ament_install']
[1.105s] Level 1:colcon.colcon_core.package_identification:_identify(/home/lab/pool/install) by extension 'ignore'
[1.105s] Level 1:colcon.colcon_core.package_identification:_identify(/home/lab/pool/install) ignored
[1.105s] Level 1:colcon.colcon_core.package_identification:_identify(/home/lab/pool/log) by extensions ['ignore', 'ignore_ament_install']
[1.105s] Level 1:colcon.colcon_core.package_identification:_identify(/home/lab/pool/log) by extension 'ignore'
[1.105s] Level 1:colcon.colcon_core.package_identification:_identify(/home/lab/pool/log) ignored
[1.105s] Level 1:colcon.colcon_core.package_identification:_identify(/home/lab/pool/src) by extensions ['ignore', 'ignore_ament_install']
[1.105s] Level 1:colcon.colcon_core.package_identification:_identify(/home/lab/pool/src) by extension 'ignore'
[1.105s] Level 1:colcon.colcon_core.package_identification:_identify(/home/lab/pool/src) by extension 'ignore_ament_install'
[1.106s] Level 1:colcon.colcon_core.package_identification:_identify(/home/lab/pool/src) by extensions ['colcon_pkg']
[1.106s] Level 1:colcon.colcon_core.package_identification:_identify(/home/lab/pool/src) by extension 'colcon_pkg'
[1.106s] Level 1:colcon.colcon_core.package_identification:_identify(/home/lab/pool/src) by extensions ['colcon_meta']
[1.106s] Level 1:colcon.colcon_core.package_identification:_identify(/home/lab/pool/src) by extension 'colcon_meta'
[1.106s] Level 1:colcon.colcon_core.package_identification:_identify(/home/lab/pool/src) by extensions ['ros']
[1.106s] Level 1:colcon.colcon_core.package_identification:_identify(/home/lab/pool/src) by extension 'ros'
[1.106s] Level 1:colcon.colcon_core.package_identification:_identify(/home/lab/pool/src) by extensions ['cmake', 'python']
[1.106s] Level 1:colcon.colcon_core.package_identification:_identify(/home/lab/pool/src) by extension 'cmake'
[1.106s] Level 1:colcon.colcon_core.package_identification:_identify(/home/lab/pool/src) by extension 'python'
[1.106s] Level 1:colcon.colcon_core.package_identification:_identify(/home/lab/pool/src) by extensions ['python_setup_py']
[1.106s] Level 1:colcon.colcon_core.package_identification:_identify(/home/lab/pool/src) by extension 'python_setup_py'
[1.106s] Level 1:colcon.colcon_core.package_identification:_identify(/home/lab/pool/src/pool_game) by extensions ['ignore', 'ignore_ament_install']
[1.106s] Level 1:colcon.colcon_core.package_identification:_identify(/home/lab/pool/src/pool_game) by extension 'ignore'
[1.107s] Level 1:colcon.colcon_core.package_identification:_identify(/home/lab/pool/src/pool_game) by extension 'ignore_ament_install'
[1.107s] Level 1:colcon.colcon_core.package_identification:_identify(/home/lab/pool/src/pool_game) by extensions ['colcon_pkg']
[1.107s] Level 1:colcon.colcon_core.package_identification:_identify(/home/lab/pool/src/pool_game) by extension 'colcon_pkg'
[1.107s] Level 1:colcon.colcon_core.package_identification:_identify(/home/lab/pool/src/pool_game) by extensions ['colcon_meta']
[1.107s] Level 1:colcon.colcon_core.package_identification:_identify(/home/lab/pool/src/pool_game) by extension 'colcon_meta'
[1.107s] Level 1:colcon.colcon_core.package_identification:_identify(/home/lab/pool/src/pool_game) by extensions ['ros']
[1.107s] Level 1:colcon.colcon_core.package_identification:_identify(/home/lab/pool/src/pool_game) by extension 'ros'
[1.110s] DEBUG:colcon.colcon_core.package_identification:Package '/home/lab/pool/src/pool_game' with type 'ros.ament_python' and name 'pool_game'
[1.110s] Level 1:colcon.colcon_core.package_discovery:discover_packages(recursive) using defaults
