[0.594s] Invoking command in '/home/lab/pool/src/pool_game': PYTHONPATH=/home/lab/pool/build/pool_game/prefix_override:/home/lab/pool/install/pool_game/lib/python3.10/site-packages:${PYTHONPATH} /usr/bin/python3 setup.py egg_info --egg-base ../../build/pool_game build --build-base /home/lab/pool/build/pool_game/build install --record /home/lab/pool/build/pool_game/install.log --single-version-externally-managed
[0.788s] running egg_info
[0.788s] writing ../../build/pool_game/pool_game.egg-info/PKG-INFO
[0.788s] writing dependency_links to ../../build/pool_game/pool_game.egg-info/dependency_links.txt
[0.789s] writing entry points to ../../build/pool_game/pool_game.egg-info/entry_points.txt
[0.789s] writing requirements to ../../build/pool_game/pool_game.egg-info/requires.txt
[0.789s] writing top-level names to ../../build/pool_game/pool_game.egg-info/top_level.txt
[0.790s] reading manifest file '../../build/pool_game/pool_game.egg-info/SOURCES.txt'
[0.791s] writing manifest file '../../build/pool_game/pool_game.egg-info/SOURCES.txt'
[0.791s] running build
[0.791s] running build_py
[0.791s] copying pool_game/move.py -> /home/lab/pool/build/pool_game/build/lib/pool_game
[0.791s] running install
[0.791s] /usr/lib/python3/dist-packages/setuptools/command/install.py:34: SetuptoolsDeprecationWarning: setup.py install is deprecated. Use build and pip and other standards-based tools.
[0.791s]   warnings.warn(
[0.792s] running install_lib
[0.792s] copying /home/lab/pool/build/pool_game/build/lib/pool_game/move.py -> /home/lab/pool/install/pool_game/lib/python3.10/site-packages/pool_game
[0.793s] byte-compiling /home/lab/pool/install/pool_game/lib/python3.10/site-packages/pool_game/move.py to move.cpython-310.pyc
[0.794s] running install_data
[0.794s] running install_egg_info
[0.795s] removing '/home/lab/pool/install/pool_game/lib/python3.10/site-packages/pool_game-0.0.0-py3.10.egg-info' (and everything under it)
[0.795s] Copying ../../build/pool_game/pool_game.egg-info to /home/lab/pool/install/pool_game/lib/python3.10/site-packages/pool_game-0.0.0-py3.10.egg-info
[0.796s] running install_scripts
[0.811s] Installing move script to /home/lab/pool/install/pool_game/lib/pool_game
[0.812s] writing list of installed files to '/home/lab/pool/build/pool_game/install.log'
[0.827s] Invoked command in '/home/lab/pool/src/pool_game' returned '0': PYTHONPATH=/home/lab/pool/build/pool_game/prefix_override:/home/lab/pool/install/pool_game/lib/python3.10/site-packages:${PYTHONPATH} /usr/bin/python3 setup.py egg_info --egg-base ../../build/pool_game build --build-base /home/lab/pool/build/pool_game/build install --record /home/lab/pool/build/pool_game/install.log --single-version-externally-managed
